#
# There is insufficient memory for the Java Runtime Environment to continue.
# Native memory allocation (malloc) failed to allocate 1048576 bytes for AllocateHeap
# Possible reasons:
#   The system is out of physical RAM or swap space
#   The process is running with CompressedOops enabled, and the Java Heap may be blocking the growth of the native heap
# Possible solutions:
#   Reduce memory load on the system
#   Increase physical memory or swap space
#   Check if swap backing store is full
#   Decrease Java heap size (-Xmx/-Xms)
#   Decrease number of Java threads
#   Decrease Java thread stack sizes (-Xss)
#   Set larger code cache with -XX:ReservedCodeCacheSize=
#   JVM is running with Unscaled Compressed Oops mode in which the Java heap is
#     placed in the first 4GB address space. The Java Heap base address is the
#     maximum limit for the native heap growth. Please use -XX:HeapBaseMinAddress
#     to set the Java Heap base and to place the Java Heap above 4GB virtual address.
# This output file may be truncated or incomplete.
#
#  Out of Memory Error (memory/allocation.inline.hpp:61), pid=13712, tid=0x00000000000053ac
#
# JRE version:  (8.0_431) (build )
# Java VM: Java HotSpot(TM) 64-Bit Server VM (25.431-b10 mixed mode windows-amd64 compressed oops)
# Failed to write core dump. Minidumps are not enabled by default on client versions of Windows
#

---------------  T H R E A D  ---------------

Current thread (0x000001ec33aec000):  JavaThread "Unknown thread" [_thread_in_vm, id=21420, stack(0x000000257f700000,0x000000257f800000)]

Stack: [0x000000257f700000,0x000000257f800000]
Native frames: (J=compiled Java code, j=interpreted, Vv=VM code, C=native code)
V  [jvm.dll+0x34ba89]
V  [jvm.dll+0x288e12]
V  [jvm.dll+0x2899e0]
V  [jvm.dll+0x27dc65]
V  [jvm.dll+0x4fad]
V  [jvm.dll+0x3e958c]
V  [jvm.dll+0x3e5517]
V  [jvm.dll+0x104d9f]
V  [jvm.dll+0x2181cb]
V  [jvm.dll+0x24903a]
V  [jvm.dll+0x16c266]
C  [javaw.exe+0x2422]
C  [javaw.exe+0x19a22]
C  [KERNEL32.DLL+0x2e8d7]
C  [ntdll.dll+0xbbf2c]


---------------  P R O C E S S  ---------------

Java Threads: ( => current thread )

Other Threads:

=>0x000001ec33aec000 (exited) JavaThread "Unknown thread" [_thread_in_vm, id=21420, stack(0x000000257f700000,0x000000257f800000)]

VM state:not at safepoint (normal execution)

VM Mutex/Monitor currently owned by a thread: None

heap address: 0x0000000089e00000, size: 1890 MB, Compressed Oops mode: 32-bit
Narrow klass base: 0x0000000000000000, Narrow klass shift: 3
Compressed class space size: 1073741824 Address: 0x0000000100000000

Heap:
 PSYoungGen      total 35840K, used 614K [0x00000000d8a00000, 0x00000000db200000, 0x0000000100000000)
  eden space 30720K, 2% used [0x00000000d8a00000,0x00000000d8a999a8,0x00000000da800000)
  from space 5120K, 0% used [0x00000000dad00000,0x00000000dad00000,0x00000000db200000)
  to   space 5120K, 0% used [0x00000000da800000,0x00000000da800000,0x00000000dad00000)
 ParOldGen       total 81920K, used 0K [0x0000000089e00000, 0x000000008ee00000, 0x00000000d8a00000)
  object space 81920K, 0% used [0x0000000089e00000,0x0000000089e00000,0x000000008ee00000)
 Metaspace       used 775K, capacity 4480K, committed 4480K, reserved 1056768K
  class space    used 76K, capacity 384K, committed 384K, reserved 1048576K

Card table byte_map: [0x000001ec44800000,0x000001ec44bc0000] byte_map_base: 0x000001ec443b1000

Marking Bits: (ParMarkBitMap*) 0x00007ff961500200
 Begin Bits: [0x000001ec44e40000, 0x000001ec46bc8000)
 End Bits:   [0x000001ec46bc8000, 0x000001ec48950000)

Polling page: 0x000001ec33c50000

CodeCache: size=245760Kb used=329Kb max_used=329Kb free=245430Kb
 bounds [0x000001ec35440000, 0x000001ec356b0000, 0x000001ec44440000]
 total_blobs=58 nmethods=0 adapters=38
 compilation: enabled

Compilation events (0 events):
No events

GC Heap History (0 events):
No events

Deoptimization events (0 events):
No events

Classes redefined (0 events):
No events

Internal exceptions (0 events):
No events

Events (10 events):
Event: 0.041 loading class java/lang/Short
Event: 0.041 loading class java/lang/Short done
Event: 0.041 loading class java/lang/Integer
Event: 0.041 loading class java/lang/Integer done
Event: 0.041 loading class java/lang/Long
Event: 0.041 loading class java/lang/Long done
Event: 0.042 loading class java/lang/NullPointerException
Event: 0.042 loading class java/lang/NullPointerException done
Event: 0.042 loading class java/lang/ArithmeticException
Event: 0.042 loading class java/lang/ArithmeticException done


Dynamic libraries:
0x00007ff7ceb00000 - 0x00007ff7ceb4f000 	C:\Program Files\Java\jdk-1.8\bin\javaw.exe
0x00007ff9ab900000 - 0x00007ff9abb63000 	C:\WINDOWS\SYSTEM32\ntdll.dll
0x00007ff9aa5a0000 - 0x00007ff9aa667000 	C:\WINDOWS\System32\KERNEL32.DLL
0x00007ff9a90a0000 - 0x00007ff9a9467000 	C:\WINDOWS\System32\KERNELBASE.dll
0x00007ff9aac10000 - 0x00007ff9aacc4000 	C:\WINDOWS\System32\ADVAPI32.dll
0x00007ff9aa940000 - 0x00007ff9aa9e9000 	C:\WINDOWS\System32\msvcrt.dll
0x00007ff9aade0000 - 0x00007ff9aae86000 	C:\WINDOWS\System32\sechost.dll
0x00007ff9aa7e0000 - 0x00007ff9aa8f6000 	C:\WINDOWS\System32\RPCRT4.dll
0x00007ff9aaa40000 - 0x00007ff9aac09000 	C:\WINDOWS\System32\USER32.dll
0x00007ff9a9650000 - 0x00007ff9a9677000 	C:\WINDOWS\System32\win32u.dll
0x00007ff9ab160000 - 0x00007ff9ab18a000 	C:\WINDOWS\System32\GDI32.dll
0x00007ff9a9470000 - 0x00007ff9a959b000 	C:\WINDOWS\System32\gdi32full.dll
0x00007ff9a95a0000 - 0x00007ff9a9643000 	C:\WINDOWS\System32\msvcp_win.dll
0x00007ff9a8dd0000 - 0x00007ff9a8f1c000 	C:\WINDOWS\System32\ucrtbase.dll
0x00007ff98e400000 - 0x00007ff98e690000 	C:\WINDOWS\WinSxS\amd64_microsoft.windows.common-controls_6595b64144ccf1df_6.0.26100.3037_none_3e09262ce333c378\COMCTL32.dll
0x00007ff9aa900000 - 0x00007ff9aa92f000 	C:\WINDOWS\System32\IMM32.DLL
0x00007ff99eaf0000 - 0x00007ff99eb0b000 	C:\Program Files\Java\jdk-1.8\jre\bin\vcruntime140.dll
0x00007ff99ea70000 - 0x00007ff99ea7c000 	C:\Program Files\Java\jdk-1.8\jre\bin\vcruntime140_1.dll
0x00007ff97e030000 - 0x00007ff97e0be000 	C:\Program Files\Java\jdk-1.8\jre\bin\msvcp140.dll
0x00007ff960cd0000 - 0x00007ff96157a000 	C:\Program Files\Java\jdk-1.8\jre\bin\server\jvm.dll
0x00007ff9aa590000 - 0x00007ff9aa598000 	C:\WINDOWS\System32\PSAPI.DLL
0x00007ff99cc00000 - 0x00007ff99cc0b000 	C:\WINDOWS\SYSTEM32\VERSION.dll
0x00007ff995470000 - 0x00007ff9954a6000 	C:\WINDOWS\SYSTEM32\WINMM.dll
0x00007ff98ce50000 - 0x00007ff98ce5a000 	C:\WINDOWS\SYSTEM32\WSOCK32.dll
0x00007ff9aaf40000 - 0x00007ff9aafb4000 	C:\WINDOWS\System32\WS2_32.dll
0x00007ff9a7be0000 - 0x00007ff9a7bfa000 	C:\WINDOWS\SYSTEM32\kernel.appcore.dll
0x00007ff999000000 - 0x00007ff999010000 	C:\Program Files\Java\jdk-1.8\jre\bin\verify.dll
0x00007ff98d530000 - 0x00007ff98d55b000 	C:\Program Files\Java\jdk-1.8\jre\bin\java.dll
0x00007ff9953d0000 - 0x00007ff9953e8000 	C:\Program Files\Java\jdk-1.8\jre\bin\zip.dll
0x00007ff9a66d0000 - 0x00007ff9a6911000 	C:\WINDOWS\SYSTEM32\dbghelp.dll
0x00007ff9ab530000 - 0x00007ff9ab8ae000 	C:\WINDOWS\System32\combase.dll
0x00007ff9aa670000 - 0x00007ff9aa746000 	C:\WINDOWS\System32\OLEAUT32.dll
0x00007ff9a8d30000 - 0x00007ff9a8dc9000 	C:\WINDOWS\System32\bcryptPrimitives.dll

VM Arguments:
jvm_args: -Dfile.encoding=UTF-8 -Dstdout.encoding=UTF-8 -Dstderr.encoding=UTF-8 
java_command: learninghibernate.hibernate.Main
java_class_path (initial): C:\Users\Dorian\eclipse-workspace\hibernate\target\classes;C:\Users\Dorian\.m2\repository\mysql\mysql-connector-java\6.0.5\mysql-connector-java-6.0.5.jar;C:\Users\Dorian\.m2\repository\org\hibernate\hibernate-core\5.2.6.Final\hibernate-core-5.2.6.Final.jar;C:\Users\Dorian\.m2\repository\org\jboss\logging\jboss-logging\3.3.0.Final\jboss-logging-3.3.0.Final.jar;C:\Users\Dorian\.m2\repository\org\hibernate\javax\persistence\hibernate-jpa-2.1-api\1.0.0.Final\hibernate-jpa-2.1-api-1.0.0.Final.jar;C:\Users\Dorian\.m2\repository\org\javassist\javassist\3.20.0-GA\javassist-3.20.0-GA.jar;C:\Users\Dorian\.m2\repository\antlr\antlr\2.7.7\antlr-2.7.7.jar;C:\Users\Dorian\.m2\repository\org\apache\geronimo\specs\geronimo-jta_1.1_spec\1.1.1\geronimo-jta_1.1_spec-1.1.1.jar;C:\Users\Dorian\.m2\repository\org\jboss\jandex\2.0.3.Final\jandex-2.0.3.Final.jar;C:\Users\Dorian\.m2\repository\com\fasterxml\classmate\1.3.0\classmate-1.3.0.jar;C:\Users\Dorian\.m2\repository\dom4j\dom4j\1.6.1\dom4j-1.6.1.jar;C:\Users\Dorian\.m2\repository\org\hibernate\common\hibernate-commons-annotations\5.0.1.Final\hibernate-commons-annotations-5.0.1.Final.jar;C:\Users\Dorian\.m2\repository\javax\enterprise\cdi-api\1.1\cdi-api-1.1.jar;C:\Users\Dorian\.m2\repository\javax\el\el-api\2.2\el-api-2.2.jar;C:\Users\Dorian\.m2\repository\org\jboss\spec\javax\interceptor\jboss-interceptors-api_1.1_spec\1.0.0.Beta1\jboss-interceptors-api_1.1_spec-1.0.0.Beta1.jar;C:\Users\Dorian\.m2\repository\javax\annotation\jsr250-api\1.0\jsr250-api-1.0.jar;C:\Users\Dorian\.m2\repository\javax\inject\javax.inject\1\javax.inject-1.jar
Launcher Type: SUN_STANDARD

Environment Variables:
JAVA_HOME=C:\Program Files\Java\jdk-1.8
PATH=C:/Users/Dorian/.p2/pool/plugins/org.eclipse.justj.openjdk.hotspot.jre.full.win32.x86_64_23.0.2.v20250131-0604/jre/bin/server;C:/Users/Dorian/.p2/pool/plugins/org.eclipse.justj.openjdk.hotspot.jre.full.win32.x86_64_23.0.2.v20250131-0604/jre/bin;C:/Users/Dorian/AppData/Local/Temp/eoi5597.tmp//plugins/org.eclipse.justj.openjdk.hotspot.jre.minimal.stripped.win32.x86_64_17.0.12.v20240802-1518/jre/bin/server;C:/Users/Dorian/AppData/Local/Temp/eoi5597.tmp//plugins/org.eclipse.justj.openjdk.hotspot.jre.minimal.stripped.win32.x86_64_17.0.12.v20240802-1518/jre/bin;C:\Program Files (x86)\Common Files\Oracle\Java\java8path;C:\Program Files (x86)\Common Files\Oracle\Java\javapath;C:\WINDOWS\system32;C:\WINDOWS;C:\WINDOWS\System32\Wbem;C:\WINDOWS\System32\WindowsPowerShell\v1.0\;C:\WINDOWS\System32\OpenSSH\;C:\Program Files\Microsoft SQL Server\Client SDK\ODBC\170\Tools\Binn\;C:\Program Files (x86)\Microsoft SQL Server\150\Tools\Binn\;C:\Program Files\Microsoft SQL Server\150\Tools\Binn\;C:\Program Files\Microsoft SQL Server\150\DTS\Binn\;C:\Program Files\Azure Data Studio\bin;C:\Program Files\Microsoft SQL Server\120\Tools\Binn\;C:\Program Files\Microsoft SQL Server\130\Tools\Binn\;C:\Program Files (x86)\QuickTime\QTSystem\;C:\Users\Dorian\AppData\Local\Microsoft\WindowsApps;C:\Users\Dorian\AppData\Local\Programs\Microsoft VS Code\bin;C:\Program Files\Azure Data Studio\bin;C:\Program Files\MySQL\MySQL Server 5.7\bin;C:\Program Files\apache-maven-3.9.9\bin;C:\Program Files\Java\jdk-1.8\bin;;C:\Users\Dorian\Downloads;;C:\Users\Dorian\Downloads;
USERNAME=Dorian
OS=Windows_NT
PROCESSOR_IDENTIFIER=Intel64 Family 6 Model 142 Stepping 10, GenuineIntel



---------------  S Y S T E M  ---------------

OS: Windows 11 , 64 bit Build 26100 (10.0.26100.3037)

CPU:total 8 (initial active 8) (4 cores per cpu, 2 threads per core) family 6 model 142 stepping 10, cmov, cx8, fxsr, mmx, sse, sse2, sse3, ssse3, sse4.1, sse4.2, popcnt, avx, avx2, aes, clmul, erms, 3dnowpref, lzcnt, ht, tsc, tscinvbit, bmi1, bmi2, adx

Memory: 4k page, physical 7736536k(896792k free), swap 11930840k(16412k free)

vm_info: Java HotSpot(TM) 64-Bit Server VM (25.431-b10) for windows-amd64 JRE (1.8.0_431-b10), built on Sep 30 2024 08:11:54 by "java_re" with MS VC++ 17.6 (VS2022)

time: Thu Feb  6 13:09:19 2025
timezone: E. Africa Standard Time
elapsed time: 0.581506 seconds (0d 0h 0m 0s)

